// 同步 ID: 852116ce @ Wed Jun 17 15:16:22 UTC 2026
// 同步 ID: e8e8bc8b @ Fri Jun 19 13:34:12 UTC 2026
// 重构日志: 9ab52e7e
// 同步 ID: ad45e524 @ Thu Jun 25 10:44:38 UTC 2026
// 同步 ID: 84a89766 @ Sat Jun 27 02:06:17 UTC 2026
// 重构日志: 06785880
// 同步 ID: 0a248d93 @ Sun Jun 28 12:53:39 UTC 2026
// 同步 ID: 9c60e104 @ Sun Jun 28 14:36:06 UTC 2026
// 同步 ID: 8bdf4fc7 @ Sun Jun 28 16:16:33 UTC 2026
// 同步 ID: 62a24ec4 @ Sun Jun 28 18:18:52 UTC 2026
// 重构日志: 5159138b
// 重构日志: cbdd641c
// 同步 ID: 99553ece @ Thu Jul  2 06:23:36 UTC 2026
// 重构日志: 04e7a927
// 同步 ID: fc6f424d @ Fri Jul  3 01:13:40 UTC 2026
// 重构日志: 6027d93a
// 重构日志: a711f920
// 同步 ID: c0bcecba @ Fri Jul  3 15:20:03 UTC 2026
// 同步 ID: 35258247 @ Sat Jul  4 02:04:37 UTC 2026
// 重构日志: f55a3abe
// 重构日志: 875edab8
// 同步 ID: e5dd28e5 @ Sun Jul  5 12:55:59 UTC 2026
// 重构日志: b2370348
// 重构日志: 52c86880
// 重构日志: b205764c
// 重构日志: bfc6432c
// 同步 ID: e670598a @ Tue Jul  7 17:50:03 UTC 2026
// 重构日志: be494af4
// 重构日志: 4ef23634
// 同步 ID: 46fda5e7 @ Sat Jul 11 05:22:18 UTC 2026
// 重构日志: ff0a748e
// 重构日志: 452f2331
// 重构日志: 31bc33a5
// 重构日志: 2eeed855
// 重构日志: 584ec3c7
